{
  "numTotalTestSuites": 325,
  "numPassedTestSuites": 324,
  "numFailedTestSuites": 1,
  "numPendingTestSuites": 0,
  "numTotalTests": 774,
  "numPassedTests": 774,
  "numFailedTests": 0,
  "numPendingTests": 0,
  "numTodoTests": 0,
  "snapshot": {
    "added": 0,
    "failure": false,
    "filesAdded": 0,
    "filesRemoved": 0,
    "filesRemovedList": [],
    "filesUnmatched": 0,
    "filesUpdated": 0,
    "matched": 0,
    "total": 0,
    "unchecked": 0,
    "uncheckedKeysByFile": [],
    "unmatched": 0,
    "updated": 0,
    "didUpdate": false
  },
  "startTime": 1759593765702,
  "success": false,
  "testResults": [
    {
      "assertionResults": [
        {
          "ancestorTitles": [
            "Accessibility Audit - WCAG 2.2 AAA Compliance",
            "Basic Form Components"
          ],
          "fullName": "Accessibility Audit - WCAG 2.2 AAA Compliance Basic Form Components Button should have proper accessibility attributes",
          "status": "passed",
          "title": "Button should have proper accessibility attributes",
          "duration": 58.35919999999987,
          "failureMessages": [],
          "meta": {}
        },
        {
          "ancestorTitles": [
            "Accessibility Audit - WCAG 2.2 AAA Compliance",
            "Basic Form Components"
          ],
          "fullName": "Accessibility Audit - WCAG 2.2 AAA Compliance Basic Form Components Input should have proper label association",
          "status": "passed",
          "title": "Input should have proper label association",
          "duration": 17.12079999999969,
          "failureMessages": [],
          "meta": {}
        },
        {
          "ancestorTitles": [
            "Accessibility Audit - WCAG 2.2 AAA Compliance",
            "Basic Form Components"
          ],
          "fullName": "Accessibility Audit - WCAG 2.2 AAA Compliance Basic Form Components Checkbox should have proper accessibility attributes",
          "status": "passed",
          "title": "Checkbox should have proper accessibility attributes",
          "duration": 34.51299999999992,
          "failureMessages": [],
          "meta": {}
        },
        {
          "ancestorTitles": [
            "Accessibility Audit - WCAG 2.2 AAA Compliance",
            "Basic Form Components"
          ],
          "fullName": "Accessibility Audit - WCAG 2.2 AAA Compliance Basic Form Components RadioGroup should have proper accessibility structure",
          "status": "passed",
          "title": "RadioGroup should have proper accessibility structure",
          "duration": 179.65360000000055,
          "failureMessages": [],
          "meta": {}
        },
        {
          "ancestorTitles": [
            "Accessibility Audit - WCAG 2.2 AAA Compliance",
            "Basic Form Components"
          ],
          "fullName": "Accessibility Audit - WCAG 2.2 AAA Compliance Basic Form Components Select should have proper accessibility attributes",
          "status": "passed",
          "title": "Select should have proper accessibility attributes",
          "duration": 33.69800000000032,
          "failureMessages": [],
          "meta": {}
        },
        {
          "ancestorTitles": [
            "Accessibility Audit - WCAG 2.2 AAA Compliance",
            "Basic Form Components"
          ],
          "fullName": "Accessibility Audit - WCAG 2.2 AAA Compliance Basic Form Components Input should have proper label association for multiline",
          "status": "passed",
          "title": "Input should have proper label association for multiline",
          "duration": 4.678400000000693,
          "failureMessages": [],
          "meta": {}
        },
        {
          "ancestorTitles": [
            "Accessibility Audit - WCAG 2.2 AAA Compliance",
            "Basic Form Components"
          ],
          "fullName": "Accessibility Audit - WCAG 2.2 AAA Compliance Basic Form Components Switch should have proper accessibility attributes",
          "status": "passed",
          "title": "Switch should have proper accessibility attributes",
          "duration": 14.073500000000422,
          "failureMessages": [],
          "meta": {}
        },
        {
          "ancestorTitles": [
            "Accessibility Audit - WCAG 2.2 AAA Compliance",
            "Basic Form Components"
          ],
          "fullName": "Accessibility Audit - WCAG 2.2 AAA Compliance Basic Form Components Slider should have proper accessibility attributes",
          "status": "passed",
          "title": "Slider should have proper accessibility attributes",
          "duration": 76.54330000000027,
          "failureMessages": [],
          "meta": {}
        },
        {
          "ancestorTitles": [
            "Accessibility Audit - WCAG 2.2 AAA Compliance",
            "Basic Form Components"
          ],
          "fullName": "Accessibility Audit - WCAG 2.2 AAA Compliance Basic Form Components Progress should have proper accessibility attributes",
          "status": "passed",
          "title": "Progress should have proper accessibility attributes",
          "duration": 3.863299999999981,
          "failureMessages": [],
          "meta": {}
        },
        {
          "ancestorTitles": ["Accessibility Audit - WCAG 2.2 AAA Compliance", "Layout Components"],
          "fullName": "Accessibility Audit - WCAG 2.2 AAA Compliance Layout Components Card should have proper semantic structure",
          "status": "passed",
          "title": "Card should have proper semantic structure",
          "duration": 3.0416999999997643,
          "failureMessages": [],
          "meta": {}
        },
        {
          "ancestorTitles": ["Accessibility Audit - WCAG 2.2 AAA Compliance", "Layout Components"],
          "fullName": "Accessibility Audit - WCAG 2.2 AAA Compliance Layout Components Tabs should have proper accessibility structure",
          "status": "passed",
          "title": "Tabs should have proper accessibility structure",
          "duration": 110.47760000000017,
          "failureMessages": [],
          "meta": {}
        },
        {
          "ancestorTitles": ["Accessibility Audit - WCAG 2.2 AAA Compliance", "Layout Components"],
          "fullName": "Accessibility Audit - WCAG 2.2 AAA Compliance Layout Components Accordion should have proper accessibility structure",
          "status": "passed",
          "title": "Accordion should have proper accessibility structure",
          "duration": 4.852700000000368,
          "failureMessages": [],
          "meta": {}
        },
        {
          "ancestorTitles": ["Accessibility Audit - WCAG 2.2 AAA Compliance", "Layout Components"],
          "fullName": "Accessibility Audit - WCAG 2.2 AAA Compliance Layout Components Alert should have proper accessibility attributes",
          "status": "passed",
          "title": "Alert should have proper accessibility attributes",
          "duration": 11.609099999999671,
          "failureMessages": [],
          "meta": {}
        },
        {
          "ancestorTitles": ["Accessibility Audit - WCAG 2.2 AAA Compliance", "Layout Components"],
          "fullName": "Accessibility Audit - WCAG 2.2 AAA Compliance Layout Components Badge should have proper accessibility attributes",
          "status": "passed",
          "title": "Badge should have proper accessibility attributes",
          "duration": 3.4197000000003754,
          "failureMessages": [],
          "meta": {}
        },
        {
          "ancestorTitles": ["Accessibility Audit - WCAG 2.2 AAA Compliance", "Layout Components"],
          "fullName": "Accessibility Audit - WCAG 2.2 AAA Compliance Layout Components Separator should have proper accessibility attributes",
          "status": "passed",
          "title": "Separator should have proper accessibility attributes",
          "duration": 4.422599999999875,
          "failureMessages": [],
          "meta": {}
        },
        {
          "ancestorTitles": [
            "Accessibility Audit - WCAG 2.2 AAA Compliance",
            "Interactive Components"
          ],
          "fullName": "Accessibility Audit - WCAG 2.2 AAA Compliance Interactive Components Modal should have proper accessibility attributes",
          "status": "passed",
          "title": "Modal should have proper accessibility attributes",
          "duration": 155.9911000000002,
          "failureMessages": [],
          "meta": {}
        },
        {
          "ancestorTitles": [
            "Accessibility Audit - WCAG 2.2 AAA Compliance",
            "Interactive Components"
          ],
          "fullName": "Accessibility Audit - WCAG 2.2 AAA Compliance Interactive Components CommandPalette should have proper accessibility structure",
          "status": "passed",
          "title": "CommandPalette should have proper accessibility structure",
          "duration": 22.642699999999422,
          "failureMessages": [],
          "meta": {}
        },
        {
          "ancestorTitles": [
            "Accessibility Audit - WCAG 2.2 AAA Compliance",
            "Interactive Components"
          ],
          "fullName": "Accessibility Audit - WCAG 2.2 AAA Compliance Interactive Components MultiSelect should have proper accessibility attributes",
          "status": "passed",
          "title": "MultiSelect should have proper accessibility attributes",
          "duration": 37.79950000000008,
          "failureMessages": [],
          "meta": {}
        },
        {
          "ancestorTitles": [
            "Accessibility Audit - WCAG 2.2 AAA Compliance",
            "Interactive Components"
          ],
          "fullName": "Accessibility Audit - WCAG 2.2 AAA Compliance Interactive Components DateRangePicker should have proper accessibility attributes",
          "status": "passed",
          "title": "DateRangePicker should have proper accessibility attributes",
          "duration": 10.960500000000138,
          "failureMessages": [],
          "meta": {}
        },
        {
          "ancestorTitles": [
            "Accessibility Audit - WCAG 2.2 AAA Compliance",
            "Interactive Components"
          ],
          "fullName": "Accessibility Audit - WCAG 2.2 AAA Compliance Interactive Components ColorPicker should have proper accessibility attributes",
          "status": "passed",
          "title": "ColorPicker should have proper accessibility attributes",
          "duration": 6.884900000000016,
          "failureMessages": [],
          "meta": {}
        },
        {
          "ancestorTitles": ["Accessibility Audit - WCAG 2.2 AAA Compliance", "Data Components"],
          "fullName": "Accessibility Audit - WCAG 2.2 AAA Compliance Data Components Table should have proper accessibility structure",
          "status": "passed",
          "title": "Table should have proper accessibility structure",
          "duration": 33.146999999999935,
          "failureMessages": [],
          "meta": {}
        },
        {
          "ancestorTitles": ["Accessibility Audit - WCAG 2.2 AAA Compliance", "Data Components"],
          "fullName": "Accessibility Audit - WCAG 2.2 AAA Compliance Data Components DataTable should have proper accessibility structure",
          "status": "passed",
          "title": "DataTable should have proper accessibility structure",
          "duration": 61.69540000000052,
          "failureMessages": [],
          "meta": {}
        },
        {
          "ancestorTitles": ["Accessibility Audit - WCAG 2.2 AAA Compliance", "Data Components"],
          "fullName": "Accessibility Audit - WCAG 2.2 AAA Compliance Data Components DataGrid should have proper accessibility structure",
          "status": "passed",
          "title": "DataGrid should have proper accessibility structure",
          "duration": 31.05249999999978,
          "failureMessages": [],
          "meta": {}
        },
        {
          "ancestorTitles": [
            "Accessibility Audit - WCAG 2.2 AAA Compliance",
            "Navigation Components"
          ],
          "fullName": "Accessibility Audit - WCAG 2.2 AAA Compliance Navigation Components Breadcrumb should have proper accessibility structure",
          "status": "passed",
          "title": "Breadcrumb should have proper accessibility structure",
          "duration": 35.818600000000515,
          "failureMessages": [],
          "meta": {}
        },
        {
          "ancestorTitles": [
            "Accessibility Audit - WCAG 2.2 AAA Compliance",
            "Navigation Components"
          ],
          "fullName": "Accessibility Audit - WCAG 2.2 AAA Compliance Navigation Components NavigationMenu should have proper accessibility structure",
          "status": "passed",
          "title": "NavigationMenu should have proper accessibility structure",
          "duration": 64.58460000000014,
          "failureMessages": [],
          "meta": {}
        },
        {
          "ancestorTitles": [
            "Accessibility Audit - WCAG 2.2 AAA Compliance",
            "Navigation Components"
          ],
          "fullName": "Accessibility Audit - WCAG 2.2 AAA Compliance Navigation Components Pagination should have proper accessibility structure",
          "status": "passed",
          "title": "Pagination should have proper accessibility structure",
          "duration": 13.552200000000084,
          "failureMessages": [],
          "meta": {}
        },
        {
          "ancestorTitles": ["Accessibility Audit - WCAG 2.2 AAA Compliance", "Overlay Components"],
          "fullName": "Accessibility Audit - WCAG 2.2 AAA Compliance Overlay Components Tooltip should have proper accessibility attributes",
          "status": "passed",
          "title": "Tooltip should have proper accessibility attributes",
          "duration": 1023.4546,
          "failureMessages": [],
          "meta": {}
        },
        {
          "ancestorTitles": ["Accessibility Audit - WCAG 2.2 AAA Compliance", "Overlay Components"],
          "fullName": "Accessibility Audit - WCAG 2.2 AAA Compliance Overlay Components Popover should have proper accessibility attributes",
          "status": "passed",
          "title": "Popover should have proper accessibility attributes",
          "duration": 28.58600000000115,
          "failureMessages": [],
          "meta": {}
        },
        {
          "ancestorTitles": ["Accessibility Audit - WCAG 2.2 AAA Compliance", "Overlay Components"],
          "fullName": "Accessibility Audit - WCAG 2.2 AAA Compliance Overlay Components HoverCard should have proper accessibility attributes",
          "status": "passed",
          "title": "HoverCard should have proper accessibility attributes",
          "duration": 33.3062000000009,
          "failureMessages": [],
          "meta": {}
        },
        {
          "ancestorTitles": ["Accessibility Audit - WCAG 2.2 AAA Compliance", "Overlay Components"],
          "fullName": "Accessibility Audit - WCAG 2.2 AAA Compliance Overlay Components Sheet should have proper accessibility attributes",
          "status": "passed",
          "title": "Sheet should have proper accessibility attributes",
          "duration": 39.15450000000055,
          "failureMessages": [],
          "meta": {}
        },
        {
          "ancestorTitles": ["Accessibility Audit - WCAG 2.2 AAA Compliance", "Overlay Components"],
          "fullName": "Accessibility Audit - WCAG 2.2 AAA Compliance Overlay Components AlertDialog should have proper accessibility attributes",
          "status": "passed",
          "title": "AlertDialog should have proper accessibility attributes",
          "duration": 149.97019999999975,
          "failureMessages": [],
          "meta": {}
        },
        {
          "ancestorTitles": ["Accessibility Audit - WCAG 2.2 AAA Compliance", "Menu Components"],
          "fullName": "Accessibility Audit - WCAG 2.2 AAA Compliance Menu Components DropdownMenu should have proper accessibility structure",
          "status": "passed",
          "title": "DropdownMenu should have proper accessibility structure",
          "duration": 51.41020000000026,
          "failureMessages": [],
          "meta": {}
        },
        {
          "ancestorTitles": ["Accessibility Audit - WCAG 2.2 AAA Compliance", "Menu Components"],
          "fullName": "Accessibility Audit - WCAG 2.2 AAA Compliance Menu Components ContextMenu should have proper accessibility structure",
          "status": "passed",
          "title": "ContextMenu should have proper accessibility structure",
          "duration": 13.548300000000381,
          "failureMessages": [],
          "meta": {}
        },
        {
          "ancestorTitles": ["Accessibility Audit - WCAG 2.2 AAA Compliance", "Complex Components"],
          "fullName": "Accessibility Audit - WCAG 2.2 AAA Compliance Complex Components Calendar should have proper accessibility structure",
          "status": "passed",
          "title": "Calendar should have proper accessibility structure",
          "duration": 48.953199999999924,
          "failureMessages": [],
          "meta": {}
        },
        {
          "ancestorTitles": ["Accessibility Audit - WCAG 2.2 AAA Compliance", "Complex Components"],
          "fullName": "Accessibility Audit - WCAG 2.2 AAA Compliance Complex Components Combobox should have proper accessibility attributes",
          "status": "passed",
          "title": "Combobox should have proper accessibility attributes",
          "duration": 20.082400000001144,
          "failureMessages": [],
          "meta": {}
        },
        {
          "ancestorTitles": ["Accessibility Audit - WCAG 2.2 AAA Compliance", "Complex Components"],
          "fullName": "Accessibility Audit - WCAG 2.2 AAA Compliance Complex Components Command should have proper accessibility structure",
          "status": "passed",
          "title": "Command should have proper accessibility structure",
          "duration": 59.614700000000084,
          "failureMessages": [],
          "meta": {}
        },
        {
          "ancestorTitles": ["Accessibility Audit - WCAG 2.2 AAA Compliance", "Complex Components"],
          "fullName": "Accessibility Audit - WCAG 2.2 AAA Compliance Complex Components ToggleGroup should have proper accessibility structure",
          "status": "passed",
          "title": "ToggleGroup should have proper accessibility structure",
          "duration": 40.6190000000006,
          "failureMessages": [],
          "meta": {}
        },
        {
          "ancestorTitles": ["Accessibility Audit - WCAG 2.2 AAA Compliance", "Complex Components"],
          "fullName": "Accessibility Audit - WCAG 2.2 AAA Compliance Complex Components Collapsible should have proper accessibility attributes",
          "status": "passed",
          "title": "Collapsible should have proper accessibility attributes",
          "duration": 44.613499999999476,
          "failureMessages": [],
          "meta": {}
        },
        {
          "ancestorTitles": ["Accessibility Audit - WCAG 2.2 AAA Compliance", "Utility Components"],
          "fullName": "Accessibility Audit - WCAG 2.2 AAA Compliance Utility Components Avatar should have proper accessibility attributes",
          "status": "passed",
          "title": "Avatar should have proper accessibility attributes",
          "duration": 6.118500000000495,
          "failureMessages": [],
          "meta": {}
        },
        {
          "ancestorTitles": ["Accessibility Audit - WCAG 2.2 AAA Compliance", "Utility Components"],
          "fullName": "Accessibility Audit - WCAG 2.2 AAA Compliance Utility Components AspectRatio should have proper accessibility attributes",
          "status": "passed",
          "title": "AspectRatio should have proper accessibility attributes",
          "duration": 30.380800000000818,
          "failureMessages": [],
          "meta": {}
        },
        {
          "ancestorTitles": ["Accessibility Audit - WCAG 2.2 AAA Compliance", "Utility Components"],
          "fullName": "Accessibility Audit - WCAG 2.2 AAA Compliance Utility Components ScrollArea should have proper accessibility attributes",
          "status": "passed",
          "title": "ScrollArea should have proper accessibility attributes",
          "duration": 15.850100000001476,
          "failureMessages": [],
          "meta": {}
        },
        {
          "ancestorTitles": ["Accessibility Audit - WCAG 2.2 AAA Compliance", "Utility Components"],
          "fullName": "Accessibility Audit - WCAG 2.2 AAA Compliance Utility Components FileUpload should have proper accessibility attributes",
          "status": "passed",
          "title": "FileUpload should have proper accessibility attributes",
          "duration": 4.342000000000553,
          "failureMessages": [],
          "meta": {}
        },
        {
          "ancestorTitles": ["Accessibility Audit - WCAG 2.2 AAA Compliance", "Utility Components"],
          "fullName": "Accessibility Audit - WCAG 2.2 AAA Compliance Utility Components Toast should have proper accessibility attributes",
          "status": "passed",
          "title": "Toast should have proper accessibility attributes",
          "duration": 6.364900000000489,
          "failureMessages": [],
          "meta": {}
        },
        {
          "ancestorTitles": ["Accessibility Audit - WCAG 2.2 AAA Compliance", "Utility Components"],
          "fullName": "Accessibility Audit - WCAG 2.2 AAA Compliance Utility Components SkeletonTable should have proper accessibility attributes",
          "status": "passed",
          "title": "SkeletonTable should have proper accessibility attributes",
          "duration": 5.558199999999488,
          "failureMessages": [],
          "meta": {}
        },
        {
          "ancestorTitles": [
            "Accessibility Audit - WCAG 2.2 AAA Compliance",
            "Keyboard Navigation"
          ],
          "fullName": "Accessibility Audit - WCAG 2.2 AAA Compliance Keyboard Navigation Button should be focusable and keyboard accessible",
          "status": "passed",
          "title": "Button should be focusable and keyboard accessible",
          "duration": 35.986800000000585,
          "failureMessages": [],
          "meta": {}
        },
        {
          "ancestorTitles": [
            "Accessibility Audit - WCAG 2.2 AAA Compliance",
            "Keyboard Navigation"
          ],
          "fullName": "Accessibility Audit - WCAG 2.2 AAA Compliance Keyboard Navigation Input should be focusable and keyboard accessible",
          "status": "passed",
          "title": "Input should be focusable and keyboard accessible",
          "duration": 201.8083999999999,
          "failureMessages": [],
          "meta": {}
        },
        {
          "ancestorTitles": [
            "Accessibility Audit - WCAG 2.2 AAA Compliance",
            "Keyboard Navigation"
          ],
          "fullName": "Accessibility Audit - WCAG 2.2 AAA Compliance Keyboard Navigation Checkbox should be keyboard accessible",
          "status": "passed",
          "title": "Checkbox should be keyboard accessible",
          "duration": 62.03939999999966,
          "failureMessages": [],
          "meta": {}
        },
        {
          "ancestorTitles": [
            "Accessibility Audit - WCAG 2.2 AAA Compliance",
            "Keyboard Navigation"
          ],
          "fullName": "Accessibility Audit - WCAG 2.2 AAA Compliance Keyboard Navigation RadioGroup should be keyboard navigable",
          "status": "passed",
          "title": "RadioGroup should be keyboard navigable",
          "duration": 83.76219999999921,
          "failureMessages": [],
          "meta": {}
        },
        {
          "ancestorTitles": [
            "Accessibility Audit - WCAG 2.2 AAA Compliance",
            "Screen Reader Compatibility"
          ],
          "fullName": "Accessibility Audit - WCAG 2.2 AAA Compliance Screen Reader Compatibility Form elements should have proper labels for screen readers",
          "status": "passed",
          "title": "Form elements should have proper labels for screen readers",
          "duration": 44.33840000000055,
          "failureMessages": [],
          "meta": {}
        },
        {
          "ancestorTitles": [
            "Accessibility Audit - WCAG 2.2 AAA Compliance",
            "Screen Reader Compatibility"
          ],
          "fullName": "Accessibility Audit - WCAG 2.2 AAA Compliance Screen Reader Compatibility Interactive elements should have proper ARIA labels",
          "status": "passed",
          "title": "Interactive elements should have proper ARIA labels",
          "duration": 40.75219999999899,
          "failureMessages": [],
          "meta": {}
        },
        {
          "ancestorTitles": [
            "Accessibility Audit - WCAG 2.2 AAA Compliance",
            "Screen Reader Compatibility"
          ],
          "fullName": "Accessibility Audit - WCAG 2.2 AAA Compliance Screen Reader Compatibility Status messages should be announced to screen readers",
          "status": "passed",
          "title": "Status messages should be announced to screen readers",
          "duration": 41.15070000000014,
          "failureMessages": [],
          "meta": {}
        },
        {
          "ancestorTitles": ["Accessibility Audit - WCAG 2.2 AAA Compliance", "Focus Management"],
          "fullName": "Accessibility Audit - WCAG 2.2 AAA Compliance Focus Management Modal should trap focus when open",
          "status": "passed",
          "title": "Modal should trap focus when open",
          "duration": 226.77219999999943,
          "failureMessages": [],
          "meta": {}
        },
        {
          "ancestorTitles": ["Accessibility Audit - WCAG 2.2 AAA Compliance", "Focus Management"],
          "fullName": "Accessibility Audit - WCAG 2.2 AAA Compliance Focus Management Tabs should manage focus properly",
          "status": "passed",
          "title": "Tabs should manage focus properly",
          "duration": 127.3106000000007,
          "failureMessages": [],
          "meta": {}
        },
        {
          "ancestorTitles": [
            "Accessibility Audit - WCAG 2.2 AAA Compliance",
            "Color Contrast and Visual Accessibility"
          ],
          "fullName": "Accessibility Audit - WCAG 2.2 AAA Compliance Color Contrast and Visual Accessibility Components should have sufficient color contrast",
          "status": "passed",
          "title": "Components should have sufficient color contrast",
          "duration": 33.9387999999999,
          "failureMessages": [],
          "meta": {}
        },
        {
          "ancestorTitles": [
            "Accessibility Audit - WCAG 2.2 AAA Compliance",
            "Color Contrast and Visual Accessibility"
          ],
          "fullName": "Accessibility Audit - WCAG 2.2 AAA Compliance Color Contrast and Visual Accessibility Focus indicators should be visible",
          "status": "passed",
          "title": "Focus indicators should be visible",
          "duration": 36.49569999999949,
          "failureMessages": [],
          "meta": {}
        },
        {
          "ancestorTitles": [
            "Accessibility Audit - WCAG 2.2 AAA Compliance",
            "Responsive Design Accessibility"
          ],
          "fullName": "Accessibility Audit - WCAG 2.2 AAA Compliance Responsive Design Accessibility Components should be accessible on mobile devices",
          "status": "passed",
          "title": "Components should be accessible on mobile devices",
          "duration": 52.913399999999456,
          "failureMessages": [],
          "meta": {}
        },
        {
          "ancestorTitles": [
            "Accessibility Audit - WCAG 2.2 AAA Compliance",
            "Responsive Design Accessibility"
          ],
          "fullName": "Accessibility Audit - WCAG 2.2 AAA Compliance Responsive Design Accessibility Touch targets should be appropriately sized",
          "status": "passed",
          "title": "Touch targets should be appropriately sized",
          "duration": 44.70080000000053,
          "failureMessages": [],
          "meta": {}
        },
        {
          "ancestorTitles": [
            "Accessibility Audit - WCAG 2.2 AAA Compliance",
            "Error Handling and Validation"
          ],
          "fullName": "Accessibility Audit - WCAG 2.2 AAA Compliance Error Handling and Validation Form validation errors should be accessible",
          "status": "passed",
          "title": "Form validation errors should be accessible",
          "duration": 20.777500000000146,
          "failureMessages": [],
          "meta": {}
        },
        {
          "ancestorTitles": [
            "Accessibility Audit - WCAG 2.2 AAA Compliance",
            "Error Handling and Validation"
          ],
          "fullName": "Accessibility Audit - WCAG 2.2 AAA Compliance Error Handling and Validation Loading states should be announced to screen readers",
          "status": "passed",
          "title": "Loading states should be announced to screen readers",
          "duration": 32.028700000000754,
          "failureMessages": [],
          "meta": {}
        },
        {
          "ancestorTitles": [
            "Accessibility Audit - WCAG 2.2 AAA Compliance",
            "Complex Interactions"
          ],
          "fullName": "Accessibility Audit - WCAG 2.2 AAA Compliance Complex Interactions Multi-step forms should maintain accessibility",
          "status": "passed",
          "title": "Multi-step forms should maintain accessibility",
          "duration": 93.73090000000047,
          "failureMessages": [],
          "meta": {}
        },
        {
          "ancestorTitles": [
            "Accessibility Audit - WCAG 2.2 AAA Compliance",
            "Complex Interactions"
          ],
          "fullName": "Accessibility Audit - WCAG 2.2 AAA Compliance Complex Interactions Dynamic content updates should be announced",
          "status": "passed",
          "title": "Dynamic content updates should be announced",
          "duration": 17.335699999999633,
          "failureMessages": [],
          "meta": {}
        },
        {
          "ancestorTitles": [
            "Accessibility Audit - WCAG 2.2 AAA Compliance",
            "Internationalization Accessibility"
          ],
          "fullName": "Accessibility Audit - WCAG 2.2 AAA Compliance Internationalization Accessibility Components should support RTL languages",
          "status": "passed",
          "title": "Components should support RTL languages",
          "duration": 21.458200000000943,
          "failureMessages": [],
          "meta": {}
        },
        {
          "ancestorTitles": [
            "Accessibility Audit - WCAG 2.2 AAA Compliance",
            "Internationalization Accessibility"
          ],
          "fullName": "Accessibility Audit - WCAG 2.2 AAA Compliance Internationalization Accessibility Components should support different languages",
          "status": "passed",
          "title": "Components should support different languages",
          "duration": 22.868099999999686,
          "failureMessages": [],
          "meta": {}
        },
        {
          "ancestorTitles": [
            "Accessibility Audit - WCAG 2.2 AAA Compliance",
            "Performance and Accessibility"
          ],
          "fullName": "Accessibility Audit - WCAG 2.2 AAA Compliance Performance and Accessibility Large lists should be virtualized for accessibility",
          "status": "passed",
          "title": "Large lists should be virtualized for accessibility",
          "duration": 29.039699999999357,
          "failureMessages": [],
          "meta": {}
        },
        {
          "ancestorTitles": [
            "Accessibility Audit - WCAG 2.2 AAA Compliance",
            "Performance and Accessibility"
          ],
          "fullName": "Accessibility Audit - WCAG 2.2 AAA Compliance Performance and Accessibility Lazy loading should maintain accessibility",
          "status": "passed",
          "title": "Lazy loading should maintain accessibility",
          "duration": 41.75500000000102,
          "failureMessages": [],
          "meta": {}
        },
        {
          "ancestorTitles": [
            "Accessibility Audit - WCAG 2.2 AAA Compliance",
            "Custom Component Accessibility"
          ],
          "fullName": "Accessibility Audit - WCAG 2.2 AAA Compliance Custom Component Accessibility Custom components should follow accessibility patterns",
          "status": "passed",
          "title": "Custom components should follow accessibility patterns",
          "duration": 26.034999999999854,
          "failureMessages": [],
          "meta": {}
        },
        {
          "ancestorTitles": [
            "Accessibility Audit - WCAG 2.2 AAA Compliance",
            "Custom Component Accessibility"
          ],
          "fullName": "Accessibility Audit - WCAG 2.2 AAA Compliance Custom Component Accessibility Accessible custom hooks should work correctly",
          "status": "passed",
          "title": "Accessible custom hooks should work correctly",
          "duration": 13.681700000001001,
          "failureMessages": [],
          "meta": {}
        },
        {
          "ancestorTitles": [
            "Accessibility Audit - WCAG 2.2 AAA Compliance",
            "Accessibility Testing Utilities"
          ],
          "fullName": "Accessibility Audit - WCAG 2.2 AAA Compliance Accessibility Testing Utilities Test utilities should validate accessibility patterns",
          "status": "passed",
          "title": "Test utilities should validate accessibility patterns",
          "duration": 65.57500000000073,
          "failureMessages": [],
          "meta": {}
        },
        {
          "ancestorTitles": [
            "Accessibility Audit - WCAG 2.2 AAA Compliance",
            "Accessibility Testing Utilities"
          ],
          "fullName": "Accessibility Audit - WCAG 2.2 AAA Compliance Accessibility Testing Utilities Accessibility helpers should work correctly",
          "status": "passed",
          "title": "Accessibility helpers should work correctly",
          "duration": 53.746500000001106,
          "failureMessages": [],
          "meta": {}
        }
      ],
      "startTime": 1759593771247,
      "endTime": 1759593775376.7466,
      "status": "passed",
      "message": "",
      "name": "D:/aibos-ui/packages/ui/src/test/accessibility/axe-audit.test.tsx"
    },
    {
      "assertionResults": [
        {
          "ancestorTitles": ["Button Accessibility"],
          "fullName": "Button Accessibility has no basic a11y violations",
          "status": "passed",
          "title": "has no basic a11y violations",
          "duration": 155.14990000000398,
          "failureMessages": [],
          "meta": {}
        },
        {
          "ancestorTitles": ["Button Accessibility"],
          "fullName": "Button Accessibility supports keyboard navigation",
          "status": "passed",
          "title": "supports keyboard navigation",
          "duration": 211.9233000000022,
          "failureMessages": [],
          "meta": {}
        },
        {
          "ancestorTitles": ["Button Accessibility"],
          "fullName": "Button Accessibility supports Enter and Space key activation",
          "status": "passed",
          "title": "supports Enter and Space key activation",
          "duration": 68.58060000000114,
          "failureMessages": [],
          "meta": {}
        },
        {
          "ancestorTitles": ["Button Accessibility"],
          "fullName": "Button Accessibility supports disabled state correctly",
          "status": "passed",
          "title": "supports disabled state correctly",
          "duration": 45.74530000000232,
          "failureMessages": [],
          "meta": {}
        },
        {
          "ancestorTitles": ["Button Accessibility"],
          "fullName": "Button Accessibility supports different variants with proper contrast",
          "status": "passed",
          "title": "supports different variants with proper contrast",
          "duration": 74.70210000000225,
          "failureMessages": [],
          "meta": {}
        },
        {
          "ancestorTitles": ["Button Accessibility"],
          "fullName": "Button Accessibility supports loading state with proper ARIA attributes",
          "status": "passed",
          "title": "supports loading state with proper ARIA attributes",
          "duration": 55.04230000000098,
          "failureMessages": [],
          "meta": {}
        }
      ],
      "startTime": 1759593802365,
      "endTime": 1759593802976.0422,
      "status": "passed",
      "message": "",
      "name": "D:/aibos-ui/packages/ui/src/test/accessibility/button.a11y.test.tsx"
    },
    {
      "assertionResults": [
        {
          "ancestorTitles": ["Checkbox Accessibility"],
          "fullName": "Checkbox Accessibility has no basic a11y violations",
          "status": "passed",
          "title": "has no basic a11y violations",
          "duration": 274.14719999999943,
          "failureMessages": [],
          "meta": {}
        },
        {
          "ancestorTitles": ["Checkbox Accessibility"],
          "fullName": "Checkbox Accessibility supports proper label association",
          "status": "passed",
          "title": "supports proper label association",
          "duration": 115.57410000000164,
          "failureMessages": [],
          "meta": {}
        },
        {
          "ancestorTitles": ["Checkbox Accessibility"],
          "fullName": "Checkbox Accessibility supports keyboard navigation and activation",
          "status": "passed",
          "title": "supports keyboard navigation and activation",
          "duration": 413.47279999999955,
          "failureMessages": [],
          "meta": {}
        },
        {
          "ancestorTitles": ["Checkbox Accessibility"],
          "fullName": "Checkbox Accessibility supports disabled state correctly",
          "status": "passed",
          "title": "supports disabled state correctly",
          "duration": 64.3148000000001,
          "failureMessages": [],
          "meta": {}
        },
        {
          "ancestorTitles": ["Checkbox Accessibility"],
          "fullName": "Checkbox Accessibility supports indeterminate state with proper ARIA attributes",
          "status": "passed",
          "title": "supports indeterminate state with proper ARIA attributes",
          "duration": 84.77149999999892,
          "failureMessages": [],
          "meta": {}
        },
        {
          "ancestorTitles": ["Checkbox Accessibility"],
          "fullName": "Checkbox Accessibility supports checkbox groups with proper fieldset structure",
          "status": "passed",
          "title": "supports checkbox groups with proper fieldset structure",
          "duration": 300.581299999998,
          "failureMessages": [],
          "meta": {}
        },
        {
          "ancestorTitles": ["Checkbox Accessibility"],
          "fullName": "Checkbox Accessibility supports required state with proper ARIA attributes",
          "status": "passed",
          "title": "supports required state with proper ARIA attributes",
          "duration": 80.39719999999943,
          "failureMessages": [],
          "meta": {}
        },
        {
          "ancestorTitles": ["Checkbox Accessibility"],
          "fullName": "Checkbox Accessibility supports error state with proper ARIA attributes",
          "status": "passed",
          "title": "supports error state with proper ARIA attributes",
          "duration": 88.78779999999824,
          "failureMessages": [],
          "meta": {}
        }
      ],
      "startTime": 1759593792876,
      "endTime": 1759593794298.7878,
      "status": "passed",
      "message": "",
      "name": "D:/aibos-ui/packages/ui/src/test/accessibility/checkbox.a11y.test.tsx"
    },
    {
      "assertionResults": [],
      "startTime": 1759593765702,
      "endTime": 1759593765702,
      "status": "failed",
      "message": "Failed to resolve import \"../../primitives/dialog\" from \"src/test/accessibility/dialog.a11y.test.tsx\". Does the file exist?",
      "name": "D:/aibos-ui/packages/ui/src/test/accessibility/dialog.a11y.test.tsx"
    },
    {
      "assertionResults": [
        {
          "ancestorTitles": ["Input Accessibility"],
          "fullName": "Input Accessibility has no basic a11y violations",
          "status": "passed",
          "title": "has no basic a11y violations",
          "duration": 254.58919999999853,
          "failureMessages": [],
          "meta": {}
        },
        {
          "ancestorTitles": ["Input Accessibility"],
          "fullName": "Input Accessibility supports proper label association",
          "status": "passed",
          "title": "supports proper label association",
          "duration": 129.27059999999983,
          "failureMessages": [],
          "meta": {}
        },
        {
          "ancestorTitles": ["Input Accessibility"],
          "fullName": "Input Accessibility supports keyboard navigation and input",
          "status": "passed",
          "title": "supports keyboard navigation and input",
          "duration": 367.98669999999765,
          "failureMessages": [],
          "meta": {}
        },
        {
          "ancestorTitles": ["Input Accessibility"],
          "fullName": "Input Accessibility supports disabled state correctly",
          "status": "passed",
          "title": "supports disabled state correctly",
          "duration": 42.17859999999928,
          "failureMessages": [],
          "meta": {}
        },
        {
          "ancestorTitles": ["Input Accessibility"],
          "fullName": "Input Accessibility supports required state with proper ARIA attributes",
          "status": "passed",
          "title": "supports required state with proper ARIA attributes",
          "duration": 68.63260000000082,
          "failureMessages": [],
          "meta": {}
        },
        {
          "ancestorTitles": ["Input Accessibility"],
          "fullName": "Input Accessibility supports error state with proper ARIA attributes",
          "status": "passed",
          "title": "supports error state with proper ARIA attributes",
          "duration": 98.89789999999994,
          "failureMessages": [],
          "meta": {}
        },
        {
          "ancestorTitles": ["Input Accessibility"],
          "fullName": "Input Accessibility supports different input types with proper attributes",
          "status": "passed",
          "title": "supports different input types with proper attributes",
          "duration": 184.91409999999814,
          "failureMessages": [],
          "meta": {}
        },
        {
          "ancestorTitles": ["Input Accessibility"],
          "fullName": "Input Accessibility supports form validation with proper feedback",
          "status": "passed",
          "title": "supports form validation with proper feedback",
          "duration": 333.9414999999972,
          "failureMessages": [],
          "meta": {}
        }
      ],
      "startTime": 1759593795398,
      "endTime": 1759593796878.9414,
      "status": "passed",
      "message": "",
      "name": "D:/aibos-ui/packages/ui/src/test/accessibility/input.a11y.test.tsx"
    },
    {
      "assertionResults": [
        {
          "ancestorTitles": ["ColorPicker", "Basic Rendering"],
          "fullName": "ColorPicker Basic Rendering renders with default props",
          "status": "passed",
          "title": "renders with default props",
          "duration": 221.78729999999996,
          "failureMessages": [],
          "meta": {}
        },
        {
          "ancestorTitles": ["ColorPicker", "Basic Rendering"],
          "fullName": "ColorPicker Basic Rendering renders with custom placeholder",
          "status": "passed",
          "title": "renders with custom placeholder",
          "duration": 9.142899999998917,
          "failureMessages": [],
          "meta": {}
        },
        {
          "ancestorTitles": ["ColorPicker", "Basic Rendering"],
          "fullName": "ColorPicker Basic Rendering renders with custom value",
          "status": "passed",
          "title": "renders with custom value",
          "duration": 34.04689999999937,
          "failureMessages": [],
          "meta": {}
        },
        {
          "ancestorTitles": ["ColorPicker", "Basic Rendering"],
          "fullName": "ColorPicker Basic Rendering renders with different sizes",
          "status": "passed",
          "title": "renders with different sizes",
          "duration": 96.29039999999986,
          "failureMessages": [],
          "meta": {}
        },
        {
          "ancestorTitles": ["ColorPicker", "Basic Rendering"],
          "fullName": "ColorPicker Basic Rendering renders with different variants",
          "status": "passed",
          "title": "renders with different variants",
          "duration": 77.46039999999994,
          "failureMessages": [],
          "meta": {}
        },
        {
          "ancestorTitles": ["ColorPicker", "Accessibility"],
          "fullName": "ColorPicker Accessibility has proper ARIA attributes",
          "status": "passed",
          "title": "has proper ARIA attributes",
          "duration": 23.295899999999165,
          "failureMessages": [],
          "meta": {}
        },
        {
          "ancestorTitles": ["ColorPicker", "Accessibility"],
          "fullName": "ColorPicker Accessibility supports keyboard navigation",
          "status": "passed",
          "title": "supports keyboard navigation",
          "duration": 262.4223000000002,
          "failureMessages": [],
          "meta": {}
        },
        {
          "ancestorTitles": ["ColorPicker", "Accessibility"],
          "fullName": "ColorPicker Accessibility handles disabled state",
          "status": "passed",
          "title": "handles disabled state",
          "duration": 22.39550000000054,
          "failureMessages": [],
          "meta": {}
        },
        {
          "ancestorTitles": ["ColorPicker", "Accessibility"],
          "fullName": "ColorPicker Accessibility handles readOnly state",
          "status": "passed",
          "title": "handles readOnly state",
          "duration": 32.059400000000096,
          "failureMessages": [],
          "meta": {}
        },
        {
          "ancestorTitles": ["ColorPicker", "Accessibility"],
          "fullName": "ColorPicker Accessibility has proper color swatch labels",
          "status": "passed",
          "title": "has proper color swatch labels",
          "duration": 265.2662,
          "failureMessages": [],
          "meta": {}
        },
        {
          "ancestorTitles": ["ColorPicker", "Value Handling"],
          "fullName": "ColorPicker Value Handling calls onValueChange when value changes",
          "status": "passed",
          "title": "calls onValueChange when value changes",
          "duration": 294.4179000000004,
          "failureMessages": [],
          "meta": {}
        },
        {
          "ancestorTitles": ["ColorPicker", "Value Handling"],
          "fullName": "ColorPicker Value Handling handles empty value",
          "status": "passed",
          "title": "handles empty value",
          "duration": 8.746000000001004,
          "failureMessages": [],
          "meta": {}
        },
        {
          "ancestorTitles": ["ColorPicker", "Value Handling"],
          "fullName": "ColorPicker Value Handling handles invalid color value",
          "status": "passed",
          "title": "handles invalid color value",
          "duration": 38.367200000000594,
          "failureMessages": [],
          "meta": {}
        },
        {
          "ancestorTitles": ["ColorPicker", "Color Formats"],
          "fullName": "ColorPicker Color Formats handles hex format",
          "status": "passed",
          "title": "handles hex format",
          "duration": 37.72790000000168,
          "failureMessages": [],
          "meta": {}
        },
        {
          "ancestorTitles": ["ColorPicker", "Color Formats"],
          "fullName": "ColorPicker Color Formats handles rgb format",
          "status": "passed",
          "title": "handles rgb format",
          "duration": 27.849600000001374,
          "failureMessages": [],
          "meta": {}
        },
        {
          "ancestorTitles": ["ColorPicker", "Color Formats"],
          "fullName": "ColorPicker Color Formats handles hsl format",
          "status": "passed",
          "title": "handles hsl format",
          "duration": 26.665899999999965,
          "failureMessages": [],
          "meta": {}
        },
        {
          "ancestorTitles": ["ColorPicker", "Color Formats"],
          "fullName": "ColorPicker Color Formats handles hsv format",
          "status": "passed",
          "title": "handles hsv format",
          "duration": 28.291299999998955,
          "failureMessages": [],
          "meta": {}
        },
        {
          "ancestorTitles": ["ColorPicker", "Presets"],
          "fullName": "ColorPicker Presets renders with default presets",
          "status": "passed",
          "title": "renders with default presets",
          "duration": 218.04140000000007,
          "failureMessages": [],
          "meta": {}
        },
        {
          "ancestorTitles": ["ColorPicker", "Presets"],
          "fullName": "ColorPicker Presets renders with custom presets",
          "status": "passed",
          "title": "renders with custom presets",
          "duration": 269.0514999999996,
          "failureMessages": [],
          "meta": {}
        },
        {
          "ancestorTitles": ["ColorPicker", "Presets"],
          "fullName": "ColorPicker Presets hides presets when showPresets=false",
          "status": "passed",
          "title": "hides presets when showPresets=false",
          "duration": 252.82250000000022,
          "failureMessages": [],
          "meta": {}
        },
        {
          "ancestorTitles": ["ColorPicker", "Presets"],
          "fullName": "ColorPicker Presets renders custom color presets",
          "status": "passed",
          "title": "renders custom color presets",
          "duration": 232.89229999999952,
          "failureMessages": [],
          "meta": {}
        },
        {
          "ancestorTitles": ["ColorPicker", "Input Field"],
          "fullName": "ColorPicker Input Field shows input field when showInput=true",
          "status": "passed",
          "title": "shows input field when showInput=true",
          "duration": 261.03309999999874,
          "failureMessages": [],
          "meta": {}
        },
        {
          "ancestorTitles": ["ColorPicker", "Input Field"],
          "fullName": "ColorPicker Input Field hides input field when showInput=false",
          "status": "passed",
          "title": "hides input field when showInput=false",
          "duration": 235.3042000000005,
          "failureMessages": [],
          "meta": {}
        },
        {
          "ancestorTitles": ["ColorPicker", "Input Field"],
          "fullName": "ColorPicker Input Field updates value when input changes",
          "status": "passed",
          "title": "updates value when input changes",
          "duration": 360.1360999999997,
          "failureMessages": [],
          "meta": {}
        },
        {
          "ancestorTitles": ["ColorPicker", "Action Buttons"],
          "fullName": "ColorPicker Action Buttons shows clear button when showClearButton=true",
          "status": "passed",
          "title": "shows clear button when showClearButton=true",
          "duration": 203.95839999999953,
          "failureMessages": [],
          "meta": {}
        },
        {
          "ancestorTitles": ["ColorPicker", "Action Buttons"],
          "fullName": "ColorPicker Action Buttons hides clear button when showClearButton=false",
          "status": "passed",
          "title": "hides clear button when showClearButton=false",
          "duration": 223.65310000000136,
          "failureMessages": [],
          "meta": {}
        },
        {
          "ancestorTitles": ["ColorPicker", "Action Buttons"],
          "fullName": "ColorPicker Action Buttons shows reset button when showResetButton=true",
          "status": "passed",
          "title": "shows reset button when showResetButton=true",
          "duration": 211.35430000000088,
          "failureMessages": [],
          "meta": {}
        },
        {
          "ancestorTitles": ["ColorPicker", "Action Buttons"],
          "fullName": "ColorPicker Action Buttons hides reset button when showResetButton=false",
          "status": "passed",
          "title": "hides reset button when showResetButton=false",
          "duration": 231.1826000000001,
          "failureMessages": [],
          "meta": {}
        },
        {
          "ancestorTitles": ["ColorPicker", "Action Buttons"],
          "fullName": "ColorPicker Action Buttons clears value when clear button is clicked",
          "status": "passed",
          "title": "clears value when clear button is clicked",
          "duration": 252.64680000000044,
          "failureMessages": [],
          "meta": {}
        },
        {
          "ancestorTitles": ["ColorPicker", "Action Buttons"],
          "fullName": "ColorPicker Action Buttons resets value when reset button is clicked",
          "status": "passed",
          "title": "resets value when reset button is clicked",
          "duration": 251.02240000000165,
          "failureMessages": [],
          "meta": {}
        },
        {
          "ancestorTitles": ["ColorPicker", "Performance Mode"],
          "fullName": "ColorPicker Performance Mode renders in performance mode",
          "status": "passed",
          "title": "renders in performance mode",
          "duration": 36.45889999999963,
          "failureMessages": [],
          "meta": {}
        },
        {
          "ancestorTitles": ["ColorPicker", "Edge Cases"],
          "fullName": "ColorPicker Edge Cases handles empty presets array",
          "status": "passed",
          "title": "handles empty presets array",
          "duration": 211.45900000000074,
          "failureMessages": [],
          "meta": {}
        },
        {
          "ancestorTitles": ["ColorPicker", "Edge Cases"],
          "fullName": "ColorPicker Edge Cases handles empty custom presets array",
          "status": "passed",
          "title": "handles empty custom presets array",
          "duration": 252.21839999999975,
          "failureMessages": [],
          "meta": {}
        },
        {
          "ancestorTitles": ["ColorPicker", "Edge Cases"],
          "fullName": "ColorPicker Edge Cases handles invalid color in presets",
          "status": "passed",
          "title": "handles invalid color in presets",
          "duration": 291.7358000000004,
          "failureMessages": [],
          "meta": {}
        },
        {
          "ancestorTitles": ["ColorPicker", "ColorPickerTrigger"],
          "fullName": "ColorPicker ColorPickerTrigger renders independently",
          "status": "passed",
          "title": "renders independently",
          "duration": 35.17749999999978,
          "failureMessages": [],
          "meta": {}
        },
        {
          "ancestorTitles": ["ColorPicker", "ColorPickerTrigger"],
          "fullName": "ColorPicker ColorPickerTrigger shows color preview",
          "status": "passed",
          "title": "shows color preview",
          "duration": 25.16320000000087,
          "failureMessages": [],
          "meta": {}
        },
        {
          "ancestorTitles": ["ColorPicker", "ColorPickerTrigger"],
          "fullName": "ColorPicker ColorPickerTrigger shows placeholder when no value",
          "status": "passed",
          "title": "shows placeholder when no value",
          "duration": 9.960100000000239,
          "failureMessages": [],
          "meta": {}
        },
        {
          "ancestorTitles": ["ColorPicker", "ColorPickerContent"],
          "fullName": "ColorPicker ColorPickerContent renders independently",
          "status": "passed",
          "title": "renders independently",
          "duration": 18.876500000000306,
          "failureMessages": [],
          "meta": {}
        },
        {
          "ancestorTitles": ["ColorPicker", "ColorPickerContent"],
          "fullName": "ColorPicker ColorPickerContent handles value changes",
          "status": "passed",
          "title": "handles value changes",
          "duration": 14.79609999999957,
          "failureMessages": [],
          "meta": {}
        },
        {
          "ancestorTitles": ["ColorPicker", "ColorPickerContent"],
          "fullName": "ColorPicker ColorPickerContent renders with presets",
          "status": "passed",
          "title": "renders with presets",
          "duration": 18.574800000000323,
          "failureMessages": [],
          "meta": {}
        },
        {
          "ancestorTitles": ["ColorPicker", "Color Utility Functions", "hexToRgb"],
          "fullName": "ColorPicker Color Utility Functions hexToRgb converts valid hex to rgb",
          "status": "passed",
          "title": "converts valid hex to rgb",
          "duration": 0.5763000000006286,
          "failureMessages": [],
          "meta": {}
        },
        {
          "ancestorTitles": ["ColorPicker", "Color Utility Functions", "hexToRgb"],
          "fullName": "ColorPicker Color Utility Functions hexToRgb converts hex without # to rgb",
          "status": "passed",
          "title": "converts hex without # to rgb",
          "duration": 0.33629999999902793,
          "failureMessages": [],
          "meta": {}
        },
        {
          "ancestorTitles": ["ColorPicker", "Color Utility Functions", "hexToRgb"],
          "fullName": "ColorPicker Color Utility Functions hexToRgb returns null for invalid hex",
          "status": "passed",
          "title": "returns null for invalid hex",
          "duration": 0.24350000000049477,
          "failureMessages": [],
          "meta": {}
        },
        {
          "ancestorTitles": ["ColorPicker", "Color Utility Functions", "rgbToHex"],
          "fullName": "ColorPicker Color Utility Functions rgbToHex converts rgb to hex",
          "status": "passed",
          "title": "converts rgb to hex",
          "duration": 0.23009999999885622,
          "failureMessages": [],
          "meta": {}
        },
        {
          "ancestorTitles": ["ColorPicker", "Color Utility Functions", "rgbToHex"],
          "fullName": "ColorPicker Color Utility Functions rgbToHex handles zero values",
          "status": "passed",
          "title": "handles zero values",
          "duration": 0.16499999999905413,
          "failureMessages": [],
          "meta": {}
        },
        {
          "ancestorTitles": ["ColorPicker", "Color Utility Functions", "isValidHex"],
          "fullName": "ColorPicker Color Utility Functions isValidHex validates correct hex format",
          "status": "passed",
          "title": "validates correct hex format",
          "duration": 0.19759999999951106,
          "failureMessages": [],
          "meta": {}
        },
        {
          "ancestorTitles": ["ColorPicker", "Color Utility Functions", "isValidHex"],
          "fullName": "ColorPicker Color Utility Functions isValidHex rejects invalid hex format",
          "status": "passed",
          "title": "rejects invalid hex format",
          "duration": 0.1900999999998021,
          "failureMessages": [],
          "meta": {}
        },
        {
          "ancestorTitles": ["ColorPicker", "Color Utility Functions", "normalizeHex"],
          "fullName": "ColorPicker Color Utility Functions normalizeHex adds # prefix when missing",
          "status": "passed",
          "title": "adds # prefix when missing",
          "duration": 0.16849999999976717,
          "failureMessages": [],
          "meta": {}
        },
        {
          "ancestorTitles": ["ColorPicker", "Color Utility Functions", "normalizeHex"],
          "fullName": "ColorPicker Color Utility Functions normalizeHex keeps # prefix when present",
          "status": "passed",
          "title": "keeps # prefix when present",
          "duration": 0.13509999999951106,
          "failureMessages": [],
          "meta": {}
        },
        {
          "ancestorTitles": ["ColorPicker", "Default Presets"],
          "fullName": "ColorPicker Default Presets has correct preset structure",
          "status": "passed",
          "title": "has correct preset structure",
          "duration": 0.8423999999995431,
          "failureMessages": [],
          "meta": {}
        },
        {
          "ancestorTitles": ["ColorPicker", "Default Presets"],
          "fullName": "ColorPicker Default Presets has valid color values",
          "status": "passed",
          "title": "has valid color values",
          "duration": 0.6184999999986758,
          "failureMessages": [],
          "meta": {}
        },
        {
          "ancestorTitles": ["ColorPicker", "Default Presets"],
          "fullName": "ColorPicker Default Presets has unique preset names",
          "status": "passed",
          "title": "has unique preset names",
          "duration": 0.1790000000000873,
          "failureMessages": [],
          "meta": {}
        }
      ],
      "startTime": 1759593773512,
      "endTime": 1759593779143.6184,
      "status": "passed",
      "message": "",
      "name": "D:/aibos-ui/packages/ui/src/test/components/color-picker.test.tsx"
    },
    {
      "assertionResults": [
        {
          "ancestorTitles": ["CommandPalette Component", "Rendering"],
          "fullName": "CommandPalette Component Rendering renders command palette when open",
          "status": "passed",
          "title": "renders command palette when open",
          "duration": 365.59390000000076,
          "failureMessages": [],
          "meta": {}
        },
        {
          "ancestorTitles": ["CommandPalette Component", "Rendering"],
          "fullName": "CommandPalette Component Rendering does not render when closed",
          "status": "passed",
          "title": "does not render when closed",
          "duration": 6.992699999999786,
          "failureMessages": [],
          "meta": {}
        },
        {
          "ancestorTitles": ["CommandPalette Component", "Rendering"],
          "fullName": "CommandPalette Component Rendering renders all commands by default",
          "status": "passed",
          "title": "renders all commands by default",
          "duration": 71.86259999999947,
          "failureMessages": [],
          "meta": {}
        },
        {
          "ancestorTitles": ["CommandPalette Component", "Rendering"],
          "fullName": "CommandPalette Component Rendering renders commands grouped by category",
          "status": "passed",
          "title": "renders commands grouped by category",
          "duration": 49.77729999999974,
          "failureMessages": [],
          "meta": {}
        },
        {
          "ancestorTitles": ["CommandPalette Component", "Rendering"],
          "fullName": "CommandPalette Component Rendering renders command descriptions",
          "status": "passed",
          "title": "renders command descriptions",
          "duration": 50.55969999999979,
          "failureMessages": [],
          "meta": {}
        },
        {
          "ancestorTitles": ["CommandPalette Component", "Rendering"],
          "fullName": "CommandPalette Component Rendering renders keyboard shortcuts",
          "status": "passed",
          "title": "renders keyboard shortcuts",
          "duration": 49.191499999999905,
          "failureMessages": [],
          "meta": {}
        },
        {
          "ancestorTitles": ["CommandPalette Component", "Rendering"],
          "fullName": "CommandPalette Component Rendering renders command icons",
          "status": "passed",
          "title": "renders command icons",
          "duration": 33.71180000000004,
          "failureMessages": [],
          "meta": {}
        },
        {
          "ancestorTitles": ["CommandPalette Component", "Search Functionality"],
          "fullName": "CommandPalette Component Search Functionality filters commands based on search query",
          "status": "passed",
          "title": "filters commands based on search query",
          "duration": 229.90459999999985,
          "failureMessages": [],
          "meta": {}
        },
        {
          "ancestorTitles": ["CommandPalette Component", "Search Functionality"],
          "fullName": "CommandPalette Component Search Functionality performs fuzzy search on titles",
          "status": "passed",
          "title": "performs fuzzy search on titles",
          "duration": 130.85869999999977,
          "failureMessages": [],
          "meta": {}
        },
        {
          "ancestorTitles": ["CommandPalette Component", "Search Functionality"],
          "fullName": "CommandPalette Component Search Functionality searches in descriptions",
          "status": "passed",
          "title": "searches in descriptions",
          "duration": 183.5614999999998,
          "failureMessages": [],
          "meta": {}
        },
        {
          "ancestorTitles": ["CommandPalette Component", "Search Functionality"],
          "fullName": "CommandPalette Component Search Functionality searches in keywords",
          "status": "passed",
          "title": "searches in keywords",
          "duration": 139.0625,
          "failureMessages": [],
          "meta": {}
        },
        {
          "ancestorTitles": ["CommandPalette Component", "Search Functionality"],
          "fullName": "CommandPalette Component Search Functionality shows empty message when no results",
          "status": "passed",
          "title": "shows empty message when no results",
          "duration": 248.08259999999973,
          "failureMessages": [],
          "meta": {}
        },
        {
          "ancestorTitles": ["CommandPalette Component", "Search Functionality"],
          "fullName": "CommandPalette Component Search Functionality clears search when palette is closed",
          "status": "passed",
          "title": "clears search when palette is closed",
          "duration": 27.486499999999978,
          "failureMessages": [],
          "meta": {}
        },
        {
          "ancestorTitles": ["CommandPalette Component", "Keyboard Navigation"],
          "fullName": "CommandPalette Component Keyboard Navigation handles Escape key to close palette",
          "status": "passed",
          "title": "handles Escape key to close palette",
          "duration": 35.22899999999936,
          "failureMessages": [],
          "meta": {}
        },
        {
          "ancestorTitles": ["CommandPalette Component", "Keyboard Navigation"],
          "fullName": "CommandPalette Component Keyboard Navigation handles Arrow Down key for navigation",
          "status": "passed",
          "title": "handles Arrow Down key for navigation",
          "duration": 97.5582000000004,
          "failureMessages": [],
          "meta": {}
        },
        {
          "ancestorTitles": ["CommandPalette Component", "Keyboard Navigation"],
          "fullName": "CommandPalette Component Keyboard Navigation handles Arrow Up key for navigation",
          "status": "passed",
          "title": "handles Arrow Up key for navigation",
          "duration": 167.3162999999995,
          "failureMessages": [],
          "meta": {}
        },
        {
          "ancestorTitles": ["CommandPalette Component", "Keyboard Navigation"],
          "fullName": "CommandPalette Component Keyboard Navigation handles Enter key to select command",
          "status": "passed",
          "title": "handles Enter key to select command",
          "duration": 81.79359999999997,
          "failureMessages": [],
          "meta": {}
        },
        {
          "ancestorTitles": ["CommandPalette Component", "Keyboard Navigation"],
          "fullName": "CommandPalette Component Keyboard Navigation handles Cmd+K shortcut to focus input",
          "status": "passed",
          "title": "handles Cmd+K shortcut to focus input",
          "duration": 47.66080000000056,
          "failureMessages": [],
          "meta": {}
        },
        {
          "ancestorTitles": ["CommandPalette Component", "Command Selection"],
          "fullName": "CommandPalette Component Command Selection executes command action when clicked",
          "status": "passed",
          "title": "executes command action when clicked",
          "duration": 69.48190000000068,
          "failureMessages": [],
          "meta": {}
        },
        {
          "ancestorTitles": ["CommandPalette Component", "Command Selection"],
          "fullName": "CommandPalette Component Command Selection calls onCommandSelect callback",
          "status": "passed",
          "title": "calls onCommandSelect callback",
          "duration": 69.7583999999988,
          "failureMessages": [],
          "meta": {}
        },
        {
          "ancestorTitles": ["CommandPalette Component", "Command Selection"],
          "fullName": "CommandPalette Component Command Selection does not execute disabled commands",
          "status": "passed",
          "title": "does not execute disabled commands",
          "duration": 117.0635000000002,
          "failureMessages": [],
          "meta": {}
        },
        {
          "ancestorTitles": ["CommandPalette Component", "Command Selection"],
          "fullName": "CommandPalette Component Command Selection closes palette after command selection",
          "status": "passed",
          "title": "closes palette after command selection",
          "duration": 87.8765000000003,
          "failureMessages": [],
          "meta": {}
        },
        {
          "ancestorTitles": ["CommandPalette Component", "Recent Commands"],
          "fullName": "CommandPalette Component Recent Commands shows recent commands when enabled",
          "status": "passed",
          "title": "shows recent commands when enabled",
          "duration": 42.459500000000844,
          "failureMessages": [],
          "meta": {}
        },
        {
          "ancestorTitles": ["CommandPalette Component", "Recent Commands"],
          "fullName": "CommandPalette Component Recent Commands adds command to recent when selected",
          "status": "passed",
          "title": "adds command to recent when selected",
          "duration": 72.72789999999986,
          "failureMessages": [],
          "meta": {}
        },
        {
          "ancestorTitles": ["CommandPalette Component", "Recent Commands"],
          "fullName": "CommandPalette Component Recent Commands does not show recent commands when disabled",
          "status": "passed",
          "title": "does not show recent commands when disabled",
          "duration": 33.7525999999998,
          "failureMessages": [],
          "meta": {}
        },
        {
          "ancestorTitles": ["CommandPalette Component", "Recent Commands"],
          "fullName": "CommandPalette Component Recent Commands shows recent icon for recent commands",
          "status": "passed",
          "title": "shows recent icon for recent commands",
          "duration": 34.850000000000364,
          "failureMessages": [],
          "meta": {}
        },
        {
          "ancestorTitles": ["CommandPalette Component", "Accessibility"],
          "fullName": "CommandPalette Component Accessibility has proper ARIA roles",
          "status": "passed",
          "title": "has proper ARIA roles",
          "duration": 215.4434000000001,
          "failureMessages": [],
          "meta": {}
        },
        {
          "ancestorTitles": ["CommandPalette Component", "Accessibility"],
          "fullName": "CommandPalette Component Accessibility has proper keyboard navigation",
          "status": "passed",
          "title": "has proper keyboard navigation",
          "duration": 150.01790000000074,
          "failureMessages": [],
          "meta": {}
        },
        {
          "ancestorTitles": ["CommandPalette Component", "Accessibility"],
          "fullName": "CommandPalette Component Accessibility announces empty state",
          "status": "passed",
          "title": "announces empty state",
          "duration": 212.6884000000009,
          "failureMessages": [],
          "meta": {}
        },
        {
          "ancestorTitles": ["CommandPalette Component", "Customization"],
          "fullName": "CommandPalette Component Customization uses custom placeholder",
          "status": "passed",
          "title": "uses custom placeholder",
          "duration": 14.117700000000696,
          "failureMessages": [],
          "meta": {}
        },
        {
          "ancestorTitles": ["CommandPalette Component", "Customization"],
          "fullName": "CommandPalette Component Customization uses custom empty message",
          "status": "passed",
          "title": "uses custom empty message",
          "duration": 203.09920000000056,
          "failureMessages": [],
          "meta": {}
        },
        {
          "ancestorTitles": ["CommandPalette Component", "Customization"],
          "fullName": "CommandPalette Component Customization hides categories when disabled",
          "status": "passed",
          "title": "hides categories when disabled",
          "duration": 18.530399999999645,
          "failureMessages": [],
          "meta": {}
        },
        {
          "ancestorTitles": ["CommandPalette Component", "Customization"],
          "fullName": "CommandPalette Component Customization hides shortcuts when disabled",
          "status": "passed",
          "title": "hides shortcuts when disabled",
          "duration": 20.044300000001385,
          "failureMessages": [],
          "meta": {}
        },
        {
          "ancestorTitles": ["CommandPalette Component", "Performance Mode"],
          "fullName": "CommandPalette Component Performance Mode renders minimal DOM in performance mode",
          "status": "passed",
          "title": "renders minimal DOM in performance mode",
          "duration": 39.34519999999975,
          "failureMessages": [],
          "meta": {}
        },
        {
          "ancestorTitles": ["CommandPalette Component", "Error Handling"],
          "fullName": "CommandPalette Component Error Handling handles localStorage errors gracefully",
          "status": "passed",
          "title": "handles localStorage errors gracefully",
          "duration": 9.691399999999703,
          "failureMessages": [],
          "meta": {}
        },
        {
          "ancestorTitles": ["CommandPalette Component", "Error Handling"],
          "fullName": "CommandPalette Component Error Handling handles invalid JSON in localStorage",
          "status": "passed",
          "title": "handles invalid JSON in localStorage",
          "duration": 24.41109999999935,
          "failureMessages": [],
          "meta": {}
        }
      ],
      "startTime": 1759593770864,
      "endTime": 1759593774318.4111,
      "status": "passed",
      "message": "",
      "name": "D:/aibos-ui/packages/ui/src/test/components/command-palette.test.tsx"
    },
    {
      "assertionResults": [
        {
          "ancestorTitles": ["DataGrid", "Basic Rendering"],
          "fullName": "DataGrid Basic Rendering renders data grid with basic props",
          "status": "passed",
          "title": "renders data grid with basic props",
          "duration": 233.10860000000002,
          "failureMessages": [],
          "meta": {}
        },
        {
          "ancestorTitles": ["DataGrid", "Basic Rendering"],
          "fullName": "DataGrid Basic Rendering renders data rows correctly",
          "status": "passed",
          "title": "renders data rows correctly",
          "duration": 44.73610000000008,
          "failureMessages": [],
          "meta": {}
        },
        {
          "ancestorTitles": ["DataGrid", "Basic Rendering"],
          "fullName": "DataGrid Basic Rendering applies custom className",
          "status": "passed",
          "title": "applies custom className",
          "duration": 25.363799999999628,
          "failureMessages": [],
          "meta": {}
        },
        {
          "ancestorTitles": ["DataGrid", "Basic Rendering"],
          "fullName": "DataGrid Basic Rendering renders with different variants",
          "status": "passed",
          "title": "renders with different variants",
          "duration": 155.30690000000004,
          "failureMessages": [],
          "meta": {}
        },
        {
          "ancestorTitles": ["DataGrid", "Basic Rendering"],
          "fullName": "DataGrid Basic Rendering renders with different sizes",
          "status": "passed",
          "title": "renders with different sizes",
          "duration": 125.07450000000017,
          "failureMessages": [],
          "meta": {}
        },
        {
          "ancestorTitles": ["DataGrid", "Basic Rendering"],
          "fullName": "DataGrid Basic Rendering renders with different densities",
          "status": "passed",
          "title": "renders with different densities",
          "duration": 103.19639999999981,
          "failureMessages": [],
          "meta": {}
        },
        {
          "ancestorTitles": ["DataGrid", "Selection Features"],
          "fullName": "DataGrid Selection Features renders selection column when enabled",
          "status": "passed",
          "title": "renders selection column when enabled",
          "duration": 286.46720000000005,
          "failureMessages": [],
          "meta": {}
        },
        {
          "ancestorTitles": ["DataGrid", "Selection Features"],
          "fullName": "DataGrid Selection Features handles row selection",
          "status": "passed",
          "title": "handles row selection",
          "duration": 214.26209999999992,
          "failureMessages": [],
          "meta": {}
        },
        {
          "ancestorTitles": ["DataGrid", "Selection Features"],
          "fullName": "DataGrid Selection Features handles select all functionality",
          "status": "passed",
          "title": "handles select all functionality",
          "duration": 128.27580000000034,
          "failureMessages": [],
          "meta": {}
        },
        {
          "ancestorTitles": ["DataGrid", "Sorting Features"],
          "fullName": "DataGrid Sorting Features renders sortable columns",
          "status": "passed",
          "title": "renders sortable columns",
          "duration": 141.85859999999957,
          "failureMessages": [],
          "meta": {}
        },
        {
          "ancestorTitles": ["DataGrid", "Sorting Features"],
          "fullName": "DataGrid Sorting Features handles column sorting",
          "status": "passed",
          "title": "handles column sorting",
          "duration": 29.446099999999205,
          "failureMessages": [],
          "meta": {}
        },
        {
          "ancestorTitles": ["DataGrid", "Filtering Features"],
          "fullName": "DataGrid Filtering Features renders search input when global filter is enabled",
          "status": "passed",
          "title": "renders search input when global filter is enabled",
          "duration": 17.327400000000125,
          "failureMessages": [],
          "meta": {}
        },
        {
          "ancestorTitles": ["DataGrid", "Filtering Features"],
          "fullName": "DataGrid Filtering Features handles global filtering",
[...]
          "fullName": "Sheet Component Basic Rendering renders sheet header",
          "status": "passed",
          "title": "renders sheet header",
          "duration": 10.662300000001778,
          "failureMessages": [],
          "meta": {}
        },
        {
          "ancestorTitles": ["Sheet Component", "Basic Rendering"],
          "fullName": "Sheet Component Basic Rendering renders sheet title",
          "status": "passed",
          "title": "renders sheet title",
          "duration": 10.205599999999322,
          "failureMessages": [],
          "meta": {}
        },
        {
          "ancestorTitles": ["Sheet Component", "Basic Rendering"],
          "fullName": "Sheet Component Basic Rendering renders sheet description",
          "status": "passed",
          "title": "renders sheet description",
          "duration": 15.100500000000466,
          "failureMessages": [],
          "meta": {}
        },
        {
          "ancestorTitles": ["Sheet Component", "Basic Rendering"],
          "fullName": "Sheet Component Basic Rendering renders sheet footer",
          "status": "passed",
          "title": "renders sheet footer",
          "duration": 6.568200000001525,
          "failureMessages": [],
          "meta": {}
        },
        {
          "ancestorTitles": ["Sheet Component", "Side Variants"],
          "fullName": "Sheet Component Side Variants applies right side variant (default)",
          "status": "passed",
          "title": "applies right side variant (default)",
          "duration": 4.029300000000148,
          "failureMessages": [],
          "meta": {}
        },
        {
          "ancestorTitles": ["Sheet Component", "Side Variants"],
          "fullName": "Sheet Component Side Variants applies left side variant",
          "status": "passed",
          "title": "applies left side variant",
          "duration": 8.738999999999578,
          "failureMessages": [],
          "meta": {}
        },
        {
          "ancestorTitles": ["Sheet Component", "Side Variants"],
          "fullName": "Sheet Component Side Variants applies top side variant",
          "status": "passed",
          "title": "applies top side variant",
          "duration": 3.522899999999936,
          "failureMessages": [],
          "meta": {}
        },
        {
          "ancestorTitles": ["Sheet Component", "Side Variants"],
          "fullName": "Sheet Component Side Variants applies bottom side variant",
          "status": "passed",
          "title": "applies bottom side variant",
          "duration": 3.4012999999995372,
          "failureMessages": [],
          "meta": {}
        },
        {
          "ancestorTitles": ["Sheet Component", "Size Variants"],
          "fullName": "Sheet Component Size Variants applies small size variant",
          "status": "passed",
          "title": "applies small size variant",
          "duration": 11.92739999999867,
          "failureMessages": [],
          "meta": {}
        },
        {
          "ancestorTitles": ["Sheet Component", "Size Variants"],
          "fullName": "Sheet Component Size Variants applies medium size variant (default)",
          "status": "passed",
          "title": "applies medium size variant (default)",
          "duration": 6.521400000001449,
          "failureMessages": [],
          "meta": {}
        },
        {
          "ancestorTitles": ["Sheet Component", "Size Variants"],
          "fullName": "Sheet Component Size Variants applies large size variant",
          "status": "passed",
          "title": "applies large size variant",
          "duration": 10.563100000001214,
          "failureMessages": [],
          "meta": {}
        },
        {
          "ancestorTitles": ["Sheet Component", "Accessibility"],
          "fullName": "Sheet Component Accessibility has proper ARIA attributes",
          "status": "passed",
          "title": "has proper ARIA attributes",
          "duration": 3.74330000000009,
          "failureMessages": [],
          "meta": {}
        },
        {
          "ancestorTitles": ["Sheet Component", "Accessibility"],
          "fullName": "Sheet Component Accessibility supports keyboard navigation",
          "status": "passed",
          "title": "supports keyboard navigation",
          "duration": 8.821399999998903,
          "failureMessages": [],
          "meta": {}
        },
        {
          "ancestorTitles": ["Sheet Component", "Custom Props"],
          "fullName": "Sheet Component Custom Props passes through custom props",
          "status": "passed",
          "title": "passes through custom props",
          "duration": 5.7722000000012486,
          "failureMessages": [],
          "meta": {}
        },
        {
          "ancestorTitles": ["Sheet Component", "Custom Props"],
          "fullName": "Sheet Component Custom Props applies custom className",
          "status": "passed",
          "title": "applies custom className",
          "duration": 7.9483000000000175,
          "failureMessages": [],
          "meta": {}
        }
      ],
      "startTime": 1759593780107,
      "endTime": 1759593780300.9482,
      "status": "passed",
      "message": "",
      "name": "D:/aibos-ui/packages/ui/src/test/primitives/sheet.test.tsx"
    },
    {
      "assertionResults": [
        {
          "ancestorTitles": ["Slider"],
          "fullName": "Slider renders with default props",
          "status": "passed",
          "title": "renders with default props",
          "duration": 63.04729999999836,
          "failureMessages": [],
          "meta": {}
        },
        {
          "ancestorTitles": ["Slider"],
          "fullName": "Slider renders with custom className",
          "status": "passed",
          "title": "renders with custom className",
          "duration": 6.949099999997998,
          "failureMessages": [],
          "meta": {}
        },
        {
          "ancestorTitles": ["Slider"],
          "fullName": "Slider renders with different sizes",
          "status": "passed",
          "title": "renders with different sizes",
          "duration": 13.163399999997637,
          "failureMessages": [],
          "meta": {}
        },
        {
          "ancestorTitles": ["Slider"],
          "fullName": "Slider renders with different orientations",
          "status": "passed",
          "title": "renders with different orientations",
          "duration": 7.180399999997462,
          "failureMessages": [],
          "meta": {}
        },
        {
          "ancestorTitles": ["Slider"],
          "fullName": "Slider handles value changes",
          "status": "passed",
          "title": "handles value changes",
          "duration": 6.291799999999057,
          "failureMessages": [],
          "meta": {}
        },
        {
          "ancestorTitles": ["Slider"],
          "fullName": "Slider renders in performance mode",
          "status": "passed",
          "title": "renders in performance mode",
          "duration": 0.37159999999857973,
          "failureMessages": [],
          "meta": {}
        },
        {
          "ancestorTitles": ["Slider"],
          "fullName": "Slider applies variance attributes in performance mode",
          "status": "passed",
          "title": "applies variance attributes in performance mode",
          "duration": 0.13450000000011642,
          "failureMessages": [],
          "meta": {}
        },
        {
          "ancestorTitles": ["Slider"],
          "fullName": "Slider supports disabled state",
          "status": "passed",
          "title": "supports disabled state",
          "duration": 9.160599999995611,
          "failureMessages": [],
          "meta": {}
        },
        {
          "ancestorTitles": ["Slider"],
          "fullName": "Slider supports read-only state",
          "status": "passed",
          "title": "supports read-only state",
          "duration": 5.5274999999965075,
          "failureMessages": [],
          "meta": {}
        },
        {
          "ancestorTitles": ["Slider"],
          "fullName": "Slider supports min, max, and step props",
          "status": "passed",
          "title": "supports min, max, and step props",
          "duration": 5.100700000002689,
          "failureMessages": [],
          "meta": {}
        },
        {
          "ancestorTitles": ["Slider"],
          "fullName": "Slider forwards ref correctly",
          "status": "passed",
          "title": "forwards ref correctly",
          "duration": 10.073300000003655,
          "failureMessages": [],
          "meta": {}
        },
        {
          "ancestorTitles": ["Slider"],
          "fullName": "Slider has proper display name",
          "status": "passed",
          "title": "has proper display name",
          "duration": 0.20850000000064028,
          "failureMessages": [],
          "meta": {}
        }
      ],
      "startTime": 1759593800478,
      "endTime": 1759593800613.2085,
      "status": "passed",
      "message": "",
      "name": "D:/aibos-ui/packages/ui/src/test/primitives/slider.test.tsx"
    },
    {
      "assertionResults": [
        {
          "ancestorTitles": ["ToggleGroup"],
          "fullName": "ToggleGroup renders with default props",
          "status": "passed",
          "title": "renders with default props",
          "duration": 54.03049999999712,
          "failureMessages": [],
          "meta": {}
        },
        {
          "ancestorTitles": ["ToggleGroup"],
          "fullName": "ToggleGroup renders with custom className",
          "status": "passed",
          "title": "renders with custom className",
          "duration": 11.077000000001135,
          "failureMessages": [],
          "meta": {}
        },
        {
          "ancestorTitles": ["ToggleGroup"],
          "fullName": "ToggleGroup renders with different variants",
          "status": "passed",
          "title": "renders with different variants",
          "duration": 12.355500000001484,
          "failureMessages": [],
          "meta": {}
        },
        {
          "ancestorTitles": ["ToggleGroup"],
          "fullName": "ToggleGroup renders with different sizes",
          "status": "passed",
          "title": "renders with different sizes",
          "duration": 8.283899999998539,
          "failureMessages": [],
          "meta": {}
        },
        {
          "ancestorTitles": ["ToggleGroup"],
          "fullName": "ToggleGroup handles single selection",
          "status": "passed",
          "title": "handles single selection",
          "duration": 18.784200000001874,
          "failureMessages": [],
          "meta": {}
        },
        {
          "ancestorTitles": ["ToggleGroup"],
          "fullName": "ToggleGroup handles multiple selection",
          "status": "passed",
          "title": "handles multiple selection",
          "duration": 25.67210000000341,
          "failureMessages": [],
          "meta": {}
        },
        {
          "ancestorTitles": ["ToggleGroup"],
          "fullName": "ToggleGroup renders in performance mode",
          "status": "passed",
          "title": "renders in performance mode",
          "duration": 0.6280000000006112,
          "failureMessages": [],
          "meta": {}
        },
        {
          "ancestorTitles": ["ToggleGroup"],
          "fullName": "ToggleGroup applies variance attributes in performance mode",
          "status": "passed",
          "title": "applies variance attributes in performance mode",
          "duration": 0.28430000000298605,
          "failureMessages": [],
          "meta": {}
        },
        {
          "ancestorTitles": ["ToggleGroup"],
          "fullName": "ToggleGroup supports disabled state",
          "status": "passed",
          "title": "supports disabled state",
          "duration": 4.680100000001403,
          "failureMessages": [],
          "meta": {}
        },
        {
          "ancestorTitles": ["ToggleGroup"],
          "fullName": "ToggleGroup supports read-only state",
          "status": "passed",
          "title": "supports read-only state",
          "duration": 9.492000000002008,
          "failureMessages": [],
          "meta": {}
        },
        {
          "ancestorTitles": ["ToggleGroup"],
          "fullName": "ToggleGroup forwards ref correctly",
          "status": "passed",
          "title": "forwards ref correctly",
          "duration": 4.2423000000017055,
          "failureMessages": [],
          "meta": {}
        },
        {
          "ancestorTitles": ["ToggleGroup"],
          "fullName": "ToggleGroup has proper display name",
          "status": "passed",
          "title": "has proper display name",
          "duration": 0.2684000000008382,
          "failureMessages": [],
          "meta": {}
        },
        {
          "ancestorTitles": ["ToggleGroupItem"],
          "fullName": "ToggleGroupItem renders with default props",
          "status": "passed",
          "title": "renders with default props",
          "duration": 12.326999999997497,
          "failureMessages": [],
          "meta": {}
        },
        {
          "ancestorTitles": ["ToggleGroupItem"],
          "fullName": "ToggleGroupItem renders with different variants",
          "status": "passed",
          "title": "renders with different variants",
          "duration": 7.014500000001135,
          "failureMessages": [],
          "meta": {}
        },
        {
          "ancestorTitles": ["ToggleGroupItem"],
          "fullName": "ToggleGroupItem renders with different sizes",
          "status": "passed",
          "title": "renders with different sizes",
          "duration": 13.8920999999973,
          "failureMessages": [],
          "meta": {}
        },
        {
          "ancestorTitles": ["ToggleGroupItem"],
          "fullName": "ToggleGroupItem renders in performance mode",
          "status": "passed",
          "title": "renders in performance mode",
          "duration": 0.1723999999994703,
          "failureMessages": [],
          "meta": {}
        },
        {
          "ancestorTitles": ["ToggleGroupItem"],
          "fullName": "ToggleGroupItem supports disabled state",
          "status": "passed",
          "title": "supports disabled state",
          "duration": 2.7048999999969965,
          "failureMessages": [],
          "meta": {}
        },
        {
          "ancestorTitles": ["ToggleGroupItem"],
          "fullName": "ToggleGroupItem supports aria-label",
          "status": "passed",
          "title": "supports aria-label",
          "duration": 9.268899999999121,
          "failureMessages": [],
          "meta": {}
        },
        {
          "ancestorTitles": ["ToggleGroupItem"],
          "fullName": "ToggleGroupItem forwards ref correctly",
          "status": "passed",
          "title": "forwards ref correctly",
          "duration": 2.8580000000001746,
          "failureMessages": [],
          "meta": {}
        },
        {
          "ancestorTitles": ["ToggleGroupItem"],
          "fullName": "ToggleGroupItem has proper display name",
          "status": "passed",
          "title": "has proper display name",
          "duration": 0.17019999999683932,
          "failureMessages": [],
          "meta": {}
        },
        {
          "ancestorTitles": ["ToggleGroupItem"],
          "fullName": "ToggleGroupItem renders children correctly",
          "status": "passed",
          "title": "renders children correctly",
          "duration": 3.208999999998923,
          "failureMessages": [],
          "meta": {}
        }
      ],
      "startTime": 1759593784743,
      "endTime": 1759593784946.209,
      "status": "passed",
      "message": "",
      "name": "D:/aibos-ui/packages/ui/src/test/primitives/toggle-group.test.tsx"
    },
    {
      "assertionResults": [
        {
          "ancestorTitles": ["Toggle"],
          "fullName": "Toggle renders with default props",
          "status": "passed",
          "title": "renders with default props",
          "duration": 42.47330000000511,
          "failureMessages": [],
          "meta": {}
        },
        {
          "ancestorTitles": ["Toggle"],
          "fullName": "Toggle renders with custom className",
          "status": "passed",
          "title": "renders with custom className",
          "duration": 2.606099999997241,
          "failureMessages": [],
          "meta": {}
        },
        {
          "ancestorTitles": ["Toggle"],
          "fullName": "Toggle renders with different variants",
          "status": "passed",
          "title": "renders with different variants",
          "duration": 6.16540000000532,
          "failureMessages": [],
          "meta": {}
        },
        {
          "ancestorTitles": ["Toggle"],
          "fullName": "Toggle renders with different sizes",
          "status": "passed",
          "title": "renders with different sizes",
          "duration": 8.666199999999662,
          "failureMessages": [],
          "meta": {}
        },
        {
          "ancestorTitles": ["Toggle"],
          "fullName": "Toggle handles pressed state changes",
          "status": "passed",
          "title": "handles pressed state changes",
          "duration": 7.301899999998568,
          "failureMessages": [],
          "meta": {}
        },
        {
          "ancestorTitles": ["Toggle"],
          "fullName": "Toggle renders in performance mode",
          "status": "passed",
          "title": "renders in performance mode",
          "duration": 0.31749999999738066,
          "failureMessages": [],
          "meta": {}
        },
        {
          "ancestorTitles": ["Toggle"],
          "fullName": "Toggle applies variance attributes in performance mode",
          "status": "passed",
          "title": "applies variance attributes in performance mode",
          "duration": 0.13910000000032596,
          "failureMessages": [],
          "meta": {}
        },
        {
          "ancestorTitles": ["Toggle"],
          "fullName": "Toggle supports disabled state",
          "status": "passed",
          "title": "supports disabled state",
          "duration": 6.238299999997253,
          "failureMessages": [],
          "meta": {}
        },
        {
          "ancestorTitles": ["Toggle"],
          "fullName": "Toggle supports aria-label",
          "status": "passed",
          "title": "supports aria-label",
          "duration": 2.473699999995006,
          "failureMessages": [],
          "meta": {}
        },
        {
          "ancestorTitles": ["Toggle"],
          "fullName": "Toggle supports aria-describedby",
          "status": "passed",
          "title": "supports aria-describedby",
          "duration": 1.7200000000011642,
          "failureMessages": [],
          "meta": {}
        },
        {
          "ancestorTitles": ["Toggle"],
          "fullName": "Toggle forwards ref correctly",
          "status": "passed",
          "title": "forwards ref correctly",
          "duration": 1.8961999999955879,
          "failureMessages": [],
          "meta": {}
        },
        {
          "ancestorTitles": ["Toggle"],
          "fullName": "Toggle has proper display name",
          "status": "passed",
          "title": "has proper display name",
          "duration": 0.24429999999847496,
          "failureMessages": [],
          "meta": {}
        },
        {
          "ancestorTitles": ["Toggle"],
          "fullName": "Toggle renders children correctly",
          "status": "passed",
          "title": "renders children correctly",
          "duration": 1.7659999999959837,
          "failureMessages": [],
          "meta": {}
        }
      ],
      "startTime": 1759593798668,
      "endTime": 1759593798750.766,
      "status": "passed",
      "message": "",
      "name": "D:/aibos-ui/packages/ui/src/test/primitives/toggle.test.tsx"
    }
  ]
}
